<?xml version="1.0" encoding="UTF-8"?>
<!-- Generated by org.testng.reporters.JUnitReportReporter -->
<testsuite hostname="Opshori" failures="0" tests="1" name="verifyTest.VerifyLoginPage" time="3.723" errors="0" timestamp="2024-07-14T00:10:16 EDT" skipped="0">
  <testcase classname="verifyTest.VerifyLoginPage" name="verifyValidlogin" time="3.723"/>
  <system-out/>
</testsuite> <!-- verifyTest.VerifyLoginPage -->
